2025-01-19 03:59:16,114 - discord.client - WARNING - PyNaCl is not installed, voice will NOT be supported
2025-01-19 03:59:16,115 - daily_bot - INFO - Iniciando bot...
2025-01-19 03:59:16,116 - discord.client - INFO - logging in using static token
2025-01-19 03:59:17,265 - discord.gateway - INFO - Shard ID None has connected to Gateway (Session ID: 6841d154df471c4ab1965b799fda0839).
2025-01-19 03:59:19,276 - daily_bot - INFO - developer#7785 se ha conectado a Discord!
2025-01-19 03:59:19,483 - daily_bot - INFO - Cog cargado y comandos sincronizados
2025-01-19 03:59:19,483 - daily_bot - INFO - Tarea de recordatorio iniciada
2025-01-19 03:59:19,486 - daily_bot - ERROR - Error obteniendo equipo 1: 404
2025-01-19 03:59:50,782 - daily_bot - INFO - Mensaje recibido de kercmari en #bot-dayli: /registrar_equipo
2025-01-19 04:02:36,290 - discord.client - WARNING - PyNaCl is not installed, voice will NOT be supported
2025-01-19 04:02:36,291 - daily_bot - INFO - Iniciando bot...
2025-01-19 04:02:36,291 - discord.client - INFO - logging in using static token
2025-01-19 04:02:37,376 - discord.gateway - INFO - Shard ID None has connected to Gateway (Session ID: edcad620d366b30249066fb112241151).
2025-01-19 04:02:39,380 - daily_bot - INFO - developer#7785 se ha conectado a Discord!
2025-01-19 04:02:39,604 - daily_bot - INFO - Cog cargado y comandos sincronizados
2025-01-19 04:02:39,604 - daily_bot - INFO - Tarea de recordatorio iniciada
2025-01-19 04:02:39,607 - daily_bot - ERROR - Error obteniendo equipo 1: 404
2025-01-19 04:02:46,309 - daily_bot - INFO - Mensaje recibido de kercmari en #bot-dayli: /registrar_equipo
2025-01-19 04:03:11,344 - daily_bot - INFO - Mensaje recibido de kercmari en #bot-dayli: registrar_equipo
2025-01-19 04:03:36,051 - daily_bot - INFO - Mensaje recibido de kercmari en #bot-dayli: /registrar_equipo
2025-01-19 04:04:00,730 - daily_bot - INFO - Mensaje recibido de kercmari en #bot-dayli: registrar_equipo
2025-01-19 04:07:24,907 - discord.client - WARNING - PyNaCl is not installed, voice will NOT be supported
2025-01-19 04:07:24,908 - daily_bot - INFO - Iniciando bot...
2025-01-19 04:07:24,908 - discord.client - INFO - logging in using static token
2025-01-19 04:07:25,982 - discord.gateway - INFO - Shard ID None has connected to Gateway (Session ID: 4b0d344aeb7eaafd6c4172fc0aa15f65).
2025-01-19 04:07:28,006 - daily_bot - INFO - developer#7785 se ha conectado a Discord!
2025-01-19 04:07:28,007 - daily_bot - INFO - Cog DailyCommands agregado
2025-01-19 04:07:28,371 - daily_bot - INFO - Sincronizados 8 comandos
2025-01-19 04:07:28,371 - daily_bot - INFO - Tarea de recordatorio iniciada
2025-01-19 04:07:28,371 - daily_bot - INFO - Comandos disponibles: ['iniciar_daily', 'iniciar_daily_efimero', 'pregunta_sprint', 'iniciar_sprint', 'finalizar_sprint', 'crear_daily', 'responder_daily', 'registrar_equipo']
2025-01-19 04:07:28,375 - daily_bot - ERROR - Error obteniendo equipo 1: 404
2025-01-19 04:07:43,882 - daily_bot - INFO - Mensaje recibido de kercmari en #bot-dayli: /registrar_equipo
2025-01-19 04:07:59,914 - daily_bot - INFO - Mensaje recibido de kercmari en #bot-dayli: registrar_equipo
2025-01-19 04:10:58,992 - discord.client - WARNING - PyNaCl is not installed, voice will NOT be supported
2025-01-19 04:10:58,993 - daily_bot - INFO - Iniciando bot...
2025-01-19 04:10:58,994 - discord.client - INFO - logging in using static token
2025-01-19 04:11:00,032 - discord.gateway - INFO - Shard ID None has connected to Gateway (Session ID: f7cc4d43b506c062f68cee52f7789184).
2025-01-19 04:11:02,038 - daily_bot - INFO - developer#7785 se ha conectado a Discord!
2025-01-19 04:11:02,038 - daily_bot - INFO - Cog DailyCommands agregado
2025-01-19 04:11:02,493 - daily_bot - INFO - Sincronizados 8 comandos
2025-01-19 04:11:02,493 - daily_bot - INFO - Tarea de recordatorio iniciada
2025-01-19 04:11:02,494 - daily_bot - INFO - Comandos disponibles: ['iniciar_daily', 'iniciar_daily_efimero', 'pregunta_sprint', 'iniciar_sprint', 'finalizar_sprint', 'crear_daily', 'responder_daily', 'registrar_equipo']
2025-01-19 04:11:02,496 - daily_bot - ERROR - Error obteniendo equipo 1: 404
2025-01-19 04:13:33,768 - daily_bot - INFO - Mensaje recibido de kercmari en #bot-dayli: hola
2025-01-19 04:14:10,797 - daily_bot - INFO - Mensaje recibido de kercmari en #bot-dayli: rerere
2025-01-19 04:15:44,676 - daily_bot - INFO - Mensaje recibido de kercmari en #bot-dayli: registrar_equipo
2025-01-19 04:16:02,119 - daily_bot - INFO - Registrando equipo: bot-dayli
2025-01-19 04:16:02,122 - daily_bot - INFO - Comando slash ejecutado: registrar_equipo por kercmari en CodeCommunity
2025-01-19 04:17:56,492 - discord.client - WARNING - PyNaCl is not installed, voice will NOT be supported
2025-01-19 04:17:56,493 - discord.client - DEBUG - on_message has successfully been registered as an event
2025-01-19 04:17:56,493 - discord.client - DEBUG - on_interaction has successfully been registered as an event
2025-01-19 04:17:56,493 - discord.client - DEBUG - on_command_error has successfully been registered as an event
2025-01-19 04:17:56,493 - discord.client - DEBUG - on_ready has successfully been registered as an event
2025-01-19 04:17:56,493 - daily_bot - INFO - Iniciando bot...
2025-01-19 04:17:56,494 - asyncio - DEBUG - Using selector: EpollSelector
2025-01-19 04:17:56,494 - discord.client - INFO - logging in using static token
2025-01-19 04:17:57,642 - discord.gateway - INFO - Shard ID None has connected to Gateway (Session ID: 0b041aae3ece04cbe182a540c0084c31).
2025-01-19 04:17:59,653 - daily_bot - INFO - developer#7785 se ha conectado a Discord!
2025-01-19 04:17:59,653 - daily_bot - INFO - Cog DailyCommands agregado
2025-01-19 04:17:59,967 - daily_bot - INFO - Sincronizados 8 comandos
2025-01-19 04:17:59,967 - daily_bot - INFO - Tarea de recordatorio iniciada
2025-01-19 04:17:59,967 - daily_bot - INFO - Comandos disponibles: ['iniciar_daily', 'iniciar_daily_efimero', 'pregunta_sprint', 'iniciar_sprint', 'finalizar_sprint', 'crear_daily', 'responder_daily', 'registrar_equipo']
2025-01-19 04:17:59,969 - urllib3.connectionpool - DEBUG - Starting new HTTP connection (1): localhost:5000
2025-01-19 04:17:59,970 - urllib3.connectionpool - DEBUG - http://localhost:5000 "GET /api/api/obtener_equipo/1 HTTP/1.1" 404 207
2025-01-19 04:17:59,970 - daily_bot - ERROR - Error obteniendo equipo 1: 404
2025-01-19 04:18:20,968 - daily_bot - INFO - Registrando equipo: bot-dayli
2025-01-19 04:18:20,969 - urllib3.connectionpool - DEBUG - Starting new HTTP connection (1): localhost:5000
2025-01-19 04:18:20,971 - urllib3.connectionpool - DEBUG - http://localhost:5000 "POST /api/api/registrar_equipo HTTP/1.1" 404 207
2025-01-19 04:18:20,972 - daily_bot - INFO - Comando slash ejecutado: registrar_equipo por kercmari en CodeCommunity
2025-01-19 04:19:20,751 - discord.client - WARNING - PyNaCl is not installed, voice will NOT be supported
2025-01-19 04:19:20,752 - discord.client - DEBUG - on_message has successfully been registered as an event
2025-01-19 04:19:20,752 - discord.client - DEBUG - on_interaction has successfully been registered as an event
2025-01-19 04:19:20,752 - discord.client - DEBUG - on_command_error has successfully been registered as an event
2025-01-19 04:19:20,752 - discord.client - DEBUG - on_ready has successfully been registered as an event
2025-01-19 04:19:20,752 - daily_bot - INFO - Iniciando bot...
2025-01-19 04:19:20,752 - asyncio - DEBUG - Using selector: EpollSelector
2025-01-19 04:19:20,753 - discord.client - INFO - logging in using static token
2025-01-19 04:19:21,972 - discord.gateway - INFO - Shard ID None has connected to Gateway (Session ID: 651a449cfcd9f0354a6e5a12e6b3beb8).
2025-01-19 04:19:23,976 - daily_bot - INFO - developer#7785 se ha conectado a Discord!
2025-01-19 04:19:23,976 - daily_bot - INFO - Cog DailyCommands agregado
2025-01-19 04:19:24,274 - daily_bot - INFO - Sincronizados 8 comandos
2025-01-19 04:19:24,274 - daily_bot - INFO - Tarea de recordatorio iniciada
2025-01-19 04:19:24,274 - daily_bot - INFO - Comandos disponibles: ['iniciar_daily', 'iniciar_daily_efimero', 'pregunta_sprint', 'iniciar_sprint', 'finalizar_sprint', 'crear_daily', 'responder_daily', 'registrar_equipo']
2025-01-19 04:19:24,275 - urllib3.connectionpool - DEBUG - Starting new HTTP connection (1): localhost:5000
2025-01-19 04:19:24,278 - urllib3.connectionpool - DEBUG - http://localhost:5000 "GET /api/obtener_equipo/1 HTTP/1.1" 500 265
2025-01-19 04:19:24,278 - daily_bot - ERROR - Error obteniendo equipo 1: 500
2025-01-19 04:19:28,177 - daily_bot - INFO - Registrando equipo: bot-dayli
2025-01-19 04:19:28,178 - urllib3.connectionpool - DEBUG - Starting new HTTP connection (1): localhost:5000
2025-01-19 04:19:28,203 - urllib3.connectionpool - DEBUG - http://localhost:5000 "POST /api/registrar_equipo HTTP/1.1" 500 265
2025-01-19 04:19:28,204 - daily_bot - INFO - Comando slash ejecutado: registrar_equipo por kercmari en CodeCommunity
2025-01-19 04:20:15,000 - discord.client - WARNING - PyNaCl is not installed, voice will NOT be supported
2025-01-19 04:20:15,001 - discord.client - DEBUG - on_message has successfully been registered as an event
2025-01-19 04:20:15,001 - discord.client - DEBUG - on_interaction has successfully been registered as an event
2025-01-19 04:20:15,001 - discord.client - DEBUG - on_command_error has successfully been registered as an event
2025-01-19 04:20:15,001 - discord.client - DEBUG - on_ready has successfully been registered as an event
2025-01-19 04:20:15,001 - daily_bot - INFO - Iniciando bot...
2025-01-19 04:20:15,002 - asyncio - DEBUG - Using selector: EpollSelector
2025-01-19 04:20:15,002 - discord.client - INFO - logging in using static token
2025-01-19 04:20:16,053 - discord.gateway - INFO - Shard ID None has connected to Gateway (Session ID: b0093b850ff37d968cc267ef06827bb5).
2025-01-19 04:20:18,066 - daily_bot - INFO - developer#7785 se ha conectado a Discord!
2025-01-19 04:20:18,066 - daily_bot - INFO - Cog DailyCommands agregado
2025-01-19 04:20:18,302 - daily_bot - INFO - Sincronizados 8 comandos
2025-01-19 04:20:18,302 - daily_bot - INFO - Tarea de recordatorio iniciada
2025-01-19 04:20:18,302 - daily_bot - INFO - Comandos disponibles: ['iniciar_daily', 'iniciar_daily_efimero', 'pregunta_sprint', 'iniciar_sprint', 'finalizar_sprint', 'crear_daily', 'responder_daily', 'registrar_equipo']
2025-01-19 04:20:18,304 - urllib3.connectionpool - DEBUG - Starting new HTTP connection (1): localhost:5000
2025-01-19 04:20:18,306 - urllib3.connectionpool - DEBUG - http://localhost:5000 "GET /api/obtener_equipo/1 HTTP/1.1" 500 265
2025-01-19 04:20:18,306 - daily_bot - ERROR - Error obteniendo equipo 1: 500
2025-01-19 04:20:22,792 - daily_bot - INFO - Registrando equipo: bot-dayli http://localhost:5000
2025-01-19 04:20:22,793 - urllib3.connectionpool - DEBUG - Starting new HTTP connection (1): localhost:5000
2025-01-19 04:20:22,796 - urllib3.connectionpool - DEBUG - http://localhost:5000 "POST /api/registrar_equipo HTTP/1.1" 500 265
2025-01-19 04:20:22,797 - daily_bot - INFO - Comando slash ejecutado: registrar_equipo por kercmari en CodeCommunity
2025-01-19 04:26:43,515 - daily_bot - INFO - Registrando equipo: bot-dayli http://localhost:5000
2025-01-19 04:26:43,516 - urllib3.connectionpool - DEBUG - Starting new HTTP connection (1): localhost:5000
2025-01-19 04:26:43,536 - urllib3.connectionpool - DEBUG - http://localhost:5000 "POST /api/registrar_equipo HTTP/1.1" 500 265
2025-01-19 04:26:43,537 - daily_bot - INFO - Comando slash ejecutado: registrar_equipo por kercmari en CodeCommunity
2025-01-19 04:30:08,200 - daily_bot - INFO - Registrando equipo: bot-dayli http://localhost:5000
2025-01-19 04:30:08,201 - urllib3.connectionpool - DEBUG - Starting new HTTP connection (1): localhost:5000
2025-01-19 04:30:08,228 - urllib3.connectionpool - DEBUG - http://localhost:5000 "POST /api/registrar_equipo HTTP/1.1" 500 45391
2025-01-19 04:30:08,230 - daily_bot - INFO - Comando slash ejecutado: registrar_equipo por kercmari en CodeCommunity
2025-01-19 04:33:33,462 - daily_bot - INFO - Registrando equipo: bot-dayli http://localhost:5000
2025-01-19 04:33:33,463 - urllib3.connectionpool - DEBUG - Starting new HTTP connection (1): localhost:5000
2025-01-19 04:33:33,483 - urllib3.connectionpool - DEBUG - http://localhost:5000 "POST /api/registrar_equipo HTTP/1.1" 500 265
2025-01-19 04:33:33,484 - daily_bot - INFO - Comando slash ejecutado: registrar_equipo por kercmari en CodeCommunity
2025-01-19 04:34:49,434 - daily_bot - INFO - Registrando equipo: bot-dayli http://localhost:5000
2025-01-19 04:34:49,435 - urllib3.connectionpool - DEBUG - Starting new HTTP connection (1): localhost:5000
2025-01-19 04:34:49,458 - urllib3.connectionpool - DEBUG - http://localhost:5000 "POST /api/registrar_equipo HTTP/1.1" 500 265
2025-01-19 04:34:49,459 - daily_bot - INFO - Comando slash ejecutado: registrar_equipo por kercmari en CodeCommunity
2025-01-19 04:38:43,024 - daily_bot - INFO - Registrando equipo: bot-dayli http://localhost:5000
2025-01-19 04:38:43,025 - urllib3.connectionpool - DEBUG - Starting new HTTP connection (1): localhost:5000
2025-01-19 04:38:43,046 - urllib3.connectionpool - DEBUG - http://localhost:5000 "POST /api/registrar_equipo HTTP/1.1" 500 265
2025-01-19 04:38:43,047 - daily_bot - INFO - Comando slash ejecutado: registrar_equipo por kercmari en CodeCommunity
2025-01-19 04:39:08,880 - daily_bot - INFO - Registrando equipo: bot-dayli http://localhost:5000
2025-01-19 04:39:08,881 - urllib3.connectionpool - DEBUG - Starting new HTTP connection (1): localhost:5000
2025-01-19 04:39:08,907 - urllib3.connectionpool - DEBUG - http://localhost:5000 "POST /api/registrar_equipo HTTP/1.1" 500 46860
2025-01-19 04:39:08,908 - daily_bot - INFO - Comando slash ejecutado: registrar_equipo por kercmari en CodeCommunity
2025-01-19 04:43:20,292 - daily_bot - INFO - Registrando equipo: bot-dayli http://localhost:5000
2025-01-19 04:43:20,293 - urllib3.connectionpool - DEBUG - Starting new HTTP connection (1): localhost:5000
2025-01-19 04:43:20,320 - urllib3.connectionpool - DEBUG - http://localhost:5000 "POST /api/registrar_equipo HTTP/1.1" 500 46860
2025-01-19 04:43:20,321 - daily_bot - INFO - Comando slash ejecutado: registrar_equipo por kercmari en CodeCommunity
2025-01-19 04:49:33,992 - daily_bot - INFO - Registrando equipo: bot-dayli http://localhost:5000
2025-01-19 04:49:33,993 - urllib3.connectionpool - DEBUG - Starting new HTTP connection (1): localhost:5000
2025-01-19 04:49:36,545 - urllib3.connectionpool - DEBUG - http://localhost:5000 "POST /api/registrar_equipo HTTP/1.1" 500 176
2025-01-19 04:49:36,546 - daily_bot - INFO - Comando slash ejecutado: registrar_equipo por kercmari en CodeCommunity
2025-01-19 04:50:23,679 - daily_bot - INFO - Registrando equipo: bot-dayli http://localhost:5000
2025-01-19 04:50:23,680 - urllib3.connectionpool - DEBUG - Starting new HTTP connection (1): localhost:5000
2025-01-19 04:50:25,440 - urllib3.connectionpool - DEBUG - http://localhost:5000 "POST /api/registrar_equipo HTTP/1.1" 500 176
2025-01-19 04:50:25,441 - daily_bot - INFO - Comando slash ejecutado: registrar_equipo por kercmari en CodeCommunity
2025-01-19 04:51:50,919 - daily_bot - INFO - Registrando equipo: bot-dayli http://localhost:5000
2025-01-19 04:51:50,920 - urllib3.connectionpool - DEBUG - Starting new HTTP connection (1): localhost:5000
2025-01-19 04:51:50,939 - urllib3.connectionpool - DEBUG - http://localhost:5000 "POST /api/registrar_equipo HTTP/1.1" 500 171
2025-01-19 04:51:50,940 - daily_bot - INFO - Comando slash ejecutado: registrar_equipo por kercmari en CodeCommunity
2025-01-19 05:45:51,274 - discord.gateway - INFO - Shard ID None has successfully RESUMED session b0093b850ff37d968cc267ef06827bb5.
2025-01-19 10:58:34,892 - discord.client - WARNING - PyNaCl is not installed, voice will NOT be supported
2025-01-19 10:58:34,893 - discord.client - DEBUG - on_message has successfully been registered as an event
2025-01-19 10:58:34,894 - discord.client - DEBUG - on_interaction has successfully been registered as an event
2025-01-19 10:58:34,894 - discord.client - DEBUG - on_command_error has successfully been registered as an event
2025-01-19 10:58:34,894 - discord.client - DEBUG - on_ready has successfully been registered as an event
2025-01-19 10:58:34,894 - daily_bot - INFO - Iniciando bot...
2025-01-19 10:58:34,894 - asyncio - DEBUG - Using selector: EpollSelector
2025-01-19 10:58:34,894 - discord.client - INFO - logging in using static token
2025-01-19 10:58:36,143 - discord.gateway - INFO - Shard ID None has connected to Gateway (Session ID: 4a2ef05b3ef26f3e84d00196fb2042a0).
2025-01-19 10:58:38,304 - daily_bot - INFO - developer#7785 se ha conectado a Discord!
2025-01-19 10:58:38,305 - daily_bot - INFO - Cog DailyCommands agregado
2025-01-19 10:58:38,569 - daily_bot - INFO - Sincronizados 8 comandos
2025-01-19 10:58:38,570 - daily_bot - INFO - Tarea de recordatorio iniciada
2025-01-19 10:58:38,570 - daily_bot - INFO - Comandos disponibles: ['iniciar_daily', 'iniciar_daily_efimero', 'pregunta_sprint', 'iniciar_sprint', 'finalizar_sprint', 'crear_daily', 'responder_daily', 'registrar_equipo']
2025-01-19 10:58:38,571 - urllib3.connectionpool - DEBUG - Starting new HTTP connection (1): localhost:5000
2025-01-19 10:58:39,061 - urllib3.connectionpool - DEBUG - http://localhost:5000 "GET /api/obtener_equipo/1 HTTP/1.1" 404 34
2025-01-19 10:58:39,062 - daily_bot - ERROR - Error obteniendo equipo 1: 404
2025-01-19 10:59:11,336 - daily_bot - INFO - Registrando equipo: bot-dayli http://localhost:5000
2025-01-19 10:59:11,337 - urllib3.connectionpool - DEBUG - Starting new HTTP connection (1): localhost:5000
2025-01-19 10:59:12,476 - urllib3.connectionpool - DEBUG - http://localhost:5000 "POST /api/registrar_equipo HTTP/1.1" 200 47
2025-01-19 10:59:12,477 - daily_bot - INFO - Comando slash ejecutado: registrar_equipo por kercmari en CodeCommunity
2025-01-19 11:03:03,519 - discord.client - WARNING - PyNaCl is not installed, voice will NOT be supported
2025-01-19 11:03:03,520 - discord.client - DEBUG - on_message has successfully been registered as an event
2025-01-19 11:03:03,520 - discord.client - DEBUG - on_interaction has successfully been registered as an event
2025-01-19 11:03:03,520 - discord.client - DEBUG - on_command_error has successfully been registered as an event
2025-01-19 11:03:03,520 - discord.client - DEBUG - on_ready has successfully been registered as an event
2025-01-19 11:03:03,520 - daily_bot - INFO - Iniciando bot...
2025-01-19 11:03:03,520 - asyncio - DEBUG - Using selector: EpollSelector
2025-01-19 11:03:03,521 - discord.client - INFO - logging in using static token
2025-01-19 11:03:04,873 - discord.gateway - INFO - Shard ID None has connected to Gateway (Session ID: 8138ba916d20b34cb51bf7cd3ab3d31c).
2025-01-19 11:03:06,896 - daily_bot - INFO - developer#7785 se ha conectado a Discord!
2025-01-19 11:03:06,897 - daily_bot - INFO - Cog DailyCommands agregado
2025-01-19 11:03:07,228 - daily_bot - INFO - Sincronizados 9 comandos
2025-01-19 11:03:07,228 - daily_bot - INFO - Tarea de recordatorio iniciada
2025-01-19 11:03:07,228 - daily_bot - INFO - Comandos disponibles: ['iniciar_daily', 'iniciar_daily_efimero', 'pregunta_sprint', 'iniciar_sprint', 'finalizar_sprint', 'crear_daily', 'responder_daily', 'registrar_equipo', 'registrar_miembros']
2025-01-19 11:03:07,230 - urllib3.connectionpool - DEBUG - Starting new HTTP connection (1): localhost:5000
2025-01-19 11:03:07,705 - urllib3.connectionpool - DEBUG - http://localhost:5000 "GET /api/obtener_equipo/1 HTTP/1.1" 200 47
2025-01-19 11:03:07,706 - daily_bot - ERROR - Miembro con ID 123456789012345678 no encontrado.
2025-01-19 11:06:31,816 - discord.client - WARNING - PyNaCl is not installed, voice will NOT be supported
2025-01-19 11:06:31,817 - discord.client - DEBUG - on_message has successfully been registered as an event
2025-01-19 11:06:31,817 - discord.client - DEBUG - on_interaction has successfully been registered as an event
2025-01-19 11:06:31,817 - discord.client - DEBUG - on_command_error has successfully been registered as an event
2025-01-19 11:06:31,817 - discord.client - DEBUG - on_ready has successfully been registered as an event
2025-01-19 11:06:31,817 - daily_bot - INFO - Iniciando bot...
2025-01-19 11:06:31,817 - asyncio - DEBUG - Using selector: EpollSelector
2025-01-19 11:06:31,818 - discord.client - INFO - logging in using static token
2025-01-19 11:06:33,158 - discord.gateway - INFO - Shard ID None has connected to Gateway (Session ID: 007148636806e7a6865c481131b66eac).
2025-01-19 11:06:35,161 - daily_bot - INFO - developer#7785 se ha conectado a Discord!
2025-01-19 11:06:35,161 - daily_bot - INFO - Cog DailyCommands agregado
2025-01-19 11:06:35,624 - daily_bot - INFO - Sincronizados 9 comandos
2025-01-19 11:06:35,624 - daily_bot - INFO - Tarea de recordatorio iniciada
2025-01-19 11:06:35,624 - daily_bot - INFO - Comandos disponibles: ['iniciar_daily', 'iniciar_daily_efimero', 'pregunta_sprint', 'iniciar_sprint', 'finalizar_sprint', 'crear_daily', 'responder_daily', 'registrar_equipo', 'registrar_miembros']
2025-01-19 11:06:35,626 - urllib3.connectionpool - DEBUG - Starting new HTTP connection (1): localhost:5000
2025-01-19 11:06:36,094 - urllib3.connectionpool - DEBUG - http://localhost:5000 "GET /api/obtener_equipo/1 HTTP/1.1" 200 47
2025-01-19 11:06:36,094 - daily_bot - ERROR - Miembro con ID 123456789012345678 no encontrado.
2025-01-19 11:09:49,945 - discord.client - WARNING - PyNaCl is not installed, voice will NOT be supported
2025-01-19 11:09:49,946 - discord.client - DEBUG - on_message has successfully been registered as an event
2025-01-19 11:09:49,946 - discord.client - DEBUG - on_interaction has successfully been registered as an event
2025-01-19 11:09:49,946 - discord.client - DEBUG - on_command_error has successfully been registered as an event
2025-01-19 11:09:49,946 - discord.client - DEBUG - on_ready has successfully been registered as an event
2025-01-19 11:09:49,946 - daily_bot - INFO - Iniciando bot...
2025-01-19 11:09:49,946 - asyncio - DEBUG - Using selector: EpollSelector
2025-01-19 11:09:49,947 - discord.client - INFO - logging in using static token
2025-01-19 11:09:51,249 - discord.gateway - INFO - Shard ID None has connected to Gateway (Session ID: c4c1c35dabbbf49026f048107a3179fe).
2025-01-19 11:09:53,259 - daily_bot - INFO - developer#7785 se ha conectado a Discord!
2025-01-19 11:09:53,259 - daily_bot - INFO - Cog DailyCommands agregado
2025-01-19 11:09:53,537 - daily_bot - INFO - Sincronizados 9 comandos
2025-01-19 11:09:53,537 - daily_bot - INFO - Tarea de recordatorio iniciada
2025-01-19 11:09:53,537 - daily_bot - INFO - Comandos disponibles: ['iniciar_daily', 'iniciar_daily_efimero', 'pregunta_sprint', 'iniciar_sprint', 'finalizar_sprint', 'crear_daily', 'responder_daily', 'registrar_equipo', 'registrar_miembros']
2025-01-19 11:09:53,539 - urllib3.connectionpool - DEBUG - Starting new HTTP connection (1): localhost:5000
2025-01-19 11:09:54,004 - urllib3.connectionpool - DEBUG - http://localhost:5000 "GET /api/obtener_equipo/1 HTTP/1.1" 200 47
2025-01-19 11:09:54,004 - daily_bot - ERROR - Miembro con ID 123456789012345678 no encontrado.
2025-01-19 11:09:57,637 - discord.client - WARNING - PyNaCl is not installed, voice will NOT be supported
2025-01-19 11:09:57,638 - discord.client - DEBUG - on_message has successfully been registered as an event
2025-01-19 11:09:57,638 - discord.client - DEBUG - on_interaction has successfully been registered as an event
2025-01-19 11:09:57,638 - discord.client - DEBUG - on_command_error has successfully been registered as an event
2025-01-19 11:09:57,638 - discord.client - DEBUG - on_ready has successfully been registered as an event
2025-01-19 11:09:57,638 - daily_bot - INFO - Iniciando bot...
2025-01-19 11:09:57,639 - asyncio - DEBUG - Using selector: EpollSelector
2025-01-19 11:09:57,639 - discord.client - INFO - logging in using static token
2025-01-19 11:09:59,006 - discord.gateway - INFO - Shard ID None has connected to Gateway (Session ID: 18332f61a4fae6e95d313fb5d05a2398).
2025-01-19 11:10:01,010 - daily_bot - INFO - developer#7785 se ha conectado a Discord!
2025-01-19 11:10:01,010 - daily_bot - INFO - Cog DailyCommands agregado
2025-01-19 11:10:32,254 - daily_bot - INFO - Mensaje recibido de kercmari en #bot-dayli: /registrar_miembros
2025-01-19 11:10:53,758 - daily_bot - INFO - Sincronizados 9 comandos
2025-01-19 11:10:53,758 - daily_bot - INFO - Tarea de recordatorio iniciada
2025-01-19 11:10:53,758 - daily_bot - INFO - Comandos disponibles: ['iniciar_daily', 'iniciar_daily_efimero', 'pregunta_sprint', 'iniciar_sprint', 'finalizar_sprint', 'crear_daily', 'responder_daily', 'registrar_equipo', 'registrar_miembros']
2025-01-19 11:10:53,760 - urllib3.connectionpool - DEBUG - Starting new HTTP connection (1): localhost:5000
2025-01-19 11:10:54,274 - urllib3.connectionpool - DEBUG - http://localhost:5000 "GET /api/obtener_equipo/1 HTTP/1.1" 200 47
2025-01-19 11:10:54,275 - daily_bot - ERROR - Miembro con ID 123456789012345678 no encontrado.
2025-01-19 11:14:37,889 - discord.client - WARNING - PyNaCl is not installed, voice will NOT be supported
2025-01-19 11:14:37,890 - discord.client - DEBUG - on_message has successfully been registered as an event
2025-01-19 11:14:37,890 - discord.client - DEBUG - on_interaction has successfully been registered as an event
2025-01-19 11:14:37,890 - discord.client - DEBUG - on_command_error has successfully been registered as an event
2025-01-19 11:14:37,890 - discord.client - DEBUG - on_ready has successfully been registered as an event
2025-01-19 11:14:37,890 - daily_bot - INFO - Iniciando bot...
2025-01-19 11:14:37,890 - asyncio - DEBUG - Using selector: EpollSelector
2025-01-19 11:14:37,891 - discord.client - INFO - logging in using static token
2025-01-19 11:14:39,047 - discord.gateway - INFO - Shard ID None has connected to Gateway (Session ID: 6a1d470137c27598cdfc11465305f335).
2025-01-19 11:14:41,058 - daily_bot - INFO - developer#7785 se ha conectado a Discord!
2025-01-19 11:14:41,058 - daily_bot - INFO - Cog DailyCommands agregado
2025-01-19 11:14:41,607 - daily_bot - INFO - Sincronizados 9 comandos
2025-01-19 11:14:41,608 - daily_bot - INFO - Tarea de recordatorio iniciada
2025-01-19 11:14:41,608 - daily_bot - INFO - Comandos disponibles: ['iniciar_daily', 'iniciar_daily_efimero', 'pregunta_sprint', 'iniciar_sprint', 'finalizar_sprint', 'crear_daily', 'responder_daily', 'registrar_equipo', 'registrar_miembros']
2025-01-19 11:14:41,610 - urllib3.connectionpool - DEBUG - Starting new HTTP connection (1): localhost:5000
2025-01-19 11:14:42,112 - urllib3.connectionpool - DEBUG - http://localhost:5000 "GET /api/obtener_equipo/1 HTTP/1.1" 200 47
2025-01-19 11:14:42,112 - daily_bot - ERROR - Miembro con ID 123456789012345678 no encontrado.
2025-01-19 11:15:20,209 - discord.client - WARNING - PyNaCl is not installed, voice will NOT be supported
2025-01-19 11:15:20,211 - discord.client - DEBUG - on_message has successfully been registered as an event
2025-01-19 11:15:20,211 - discord.client - DEBUG - on_interaction has successfully been registered as an event
2025-01-19 11:15:20,211 - discord.client - DEBUG - on_command_error has successfully been registered as an event
2025-01-19 11:15:20,211 - discord.client - DEBUG - on_ready has successfully been registered as an event
2025-01-19 11:15:20,211 - daily_bot - INFO - Iniciando bot...
2025-01-19 11:15:20,211 - asyncio - DEBUG - Using selector: EpollSelector
2025-01-19 11:15:20,212 - discord.client - INFO - logging in using static token
2025-01-19 11:15:21,509 - discord.gateway - INFO - Shard ID None has connected to Gateway (Session ID: aa473d235a057c74b4b846ccf95e08f9).
2025-01-19 11:15:23,515 - daily_bot - INFO - developer#7785 se ha conectado a Discord!
2025-01-19 11:15:23,515 - daily_bot - INFO - Cog DailyCommands agregado
2025-01-19 11:15:23,743 - daily_bot - INFO - Sincronizados 9 comandos
2025-01-19 11:15:23,743 - daily_bot - INFO - Tarea de recordatorio iniciada
2025-01-19 11:15:23,743 - daily_bot - INFO - Comandos disponibles: ['iniciar_daily', 'iniciar_daily_efimero', 'pregunta_sprint', 'iniciar_sprint', 'finalizar_sprint', 'crear_daily', 'responder_daily', 'registrar_equipo', 'registrar_miembros']
2025-01-19 11:15:23,744 - urllib3.connectionpool - DEBUG - Starting new HTTP connection (1): localhost:5000
2025-01-19 11:15:24,264 - urllib3.connectionpool - DEBUG - http://localhost:5000 "GET /api/obtener_equipo/1 HTTP/1.1" 200 47
2025-01-19 11:15:24,264 - daily_bot - ERROR - Miembro con ID 123456789012345678 no encontrado.
2025-01-19 11:20:26,322 - discord.client - WARNING - PyNaCl is not installed, voice will NOT be supported
2025-01-19 11:20:26,323 - discord.client - DEBUG - on_message has successfully been registered as an event
2025-01-19 11:20:26,323 - discord.client - DEBUG - on_interaction has successfully been registered as an event
2025-01-19 11:20:26,323 - discord.client - DEBUG - on_command_error has successfully been registered as an event
2025-01-19 11:20:26,323 - discord.client - DEBUG - on_ready has successfully been registered as an event
2025-01-19 11:20:26,323 - daily_bot - INFO - Iniciando bot...
2025-01-19 11:20:26,323 - asyncio - DEBUG - Using selector: EpollSelector
2025-01-19 11:20:26,324 - discord.client - INFO - logging in using static token
2025-01-19 11:20:27,437 - discord.gateway - INFO - Shard ID None has connected to Gateway (Session ID: b3627eb82b6de0816fba17ba2ec49f64).
2025-01-19 11:20:29,441 - daily_bot - INFO - developer#7785 se ha conectado a Discord!
2025-01-19 11:20:29,442 - daily_bot - INFO - Cog DailyCommands agregado
2025-01-19 11:20:29,886 - daily_bot - INFO - Sincronizados 9 comandos
2025-01-19 11:20:29,886 - daily_bot - INFO - Comandos disponibles: ['iniciar_daily', 'iniciar_daily_efimero', 'pregunta_sprint', 'iniciar_sprint', 'finalizar_sprint', 'crear_daily', 'responder_daily', 'registrar_equipo', 'registrar_miembros']
2025-01-19 11:20:29,888 - urllib3.connectionpool - DEBUG - Starting new HTTP connection (1): localhost:5000
2025-01-19 11:20:30,391 - urllib3.connectionpool - DEBUG - http://localhost:5000 "GET /api/obtener_equipo/1 HTTP/1.1" 200 47
2025-01-19 11:20:30,392 - daily_bot - ERROR - Miembro con ID 123456789012345678 no encontrado.
2025-01-19 11:20:55,791 - daily_bot - INFO - Mensaje recibido de kercmari en #bot-dayli: /sync
2025-01-19 11:39:08,470 - discord.client - WARNING - PyNaCl is not installed, voice will NOT be supported
2025-01-19 11:39:08,471 - discord.client - DEBUG - on_message has successfully been registered as an event
2025-01-19 11:39:08,471 - discord.client - DEBUG - on_interaction has successfully been registered as an event
2025-01-19 11:39:08,471 - discord.client - DEBUG - on_command_error has successfully been registered as an event
2025-01-19 11:39:08,471 - discord.client - DEBUG - on_ready has successfully been registered as an event
2025-01-19 11:39:08,471 - daily_bot - INFO - Iniciando bot...
2025-01-19 11:39:08,471 - asyncio - DEBUG - Using selector: EpollSelector
2025-01-19 11:39:08,472 - discord.client - INFO - logging in using static token
2025-01-19 11:39:09,742 - discord.gateway - INFO - Shard ID None has connected to Gateway (Session ID: 1dafc9d7dd524f9753086ab0618eb1b1).
2025-01-19 11:39:11,749 - daily_bot - INFO - developer#7785 se ha conectado a Discord!
2025-01-19 11:39:11,750 - daily_bot - INFO - Cog DailyCommands agregado
2025-01-19 11:39:12,020 - daily_bot - INFO - Sincronizados 9 comandos
2025-01-19 11:39:12,020 - daily_bot - INFO - Comandos disponibles: ['iniciar_daily', 'iniciar_daily_efimero', 'pregunta_sprint', 'iniciar_sprint', 'finalizar_sprint', 'crear_daily', 'responder_daily', 'registrar_equipo', 'registrar_miembros']
2025-01-19 11:39:12,021 - urllib3.connectionpool - DEBUG - Starting new HTTP connection (1): localhost:5000
2025-01-19 11:39:12,489 - urllib3.connectionpool - DEBUG - http://localhost:5000 "GET /api/obtener_equipo/1 HTTP/1.1" 200 47
2025-01-19 11:39:12,490 - daily_bot - ERROR - Miembro con ID 123456789012345678 no encontrado.
2025-01-19 11:44:33,365 - discord.client - WARNING - PyNaCl is not installed, voice will NOT be supported
2025-01-19 11:44:33,366 - discord.client - DEBUG - on_message has successfully been registered as an event
2025-01-19 11:44:33,366 - discord.client - DEBUG - on_interaction has successfully been registered as an event
2025-01-19 11:44:33,366 - discord.client - DEBUG - on_command_error has successfully been registered as an event
2025-01-19 11:44:33,366 - discord.client - DEBUG - on_ready has successfully been registered as an event
2025-01-19 11:44:33,366 - daily_bot - INFO - Iniciando bot...
2025-01-19 11:44:33,367 - asyncio - DEBUG - Using selector: EpollSelector
2025-01-19 11:44:33,367 - discord.client - INFO - logging in using static token
2025-01-19 11:44:34,558 - discord.gateway - INFO - Shard ID None has connected to Gateway (Session ID: 1b6804dc71ea3f0528dd9e8efccf9e16).
2025-01-19 11:44:36,564 - daily_bot - INFO - developer#7785 se ha conectado a Discord!
2025-01-19 11:44:36,565 - daily_bot - INFO - Cog DailyCommands agregado
2025-01-19 11:44:36,855 - daily_bot - INFO - Sincronizados 9 comandos
2025-01-19 11:44:36,855 - daily_bot - INFO - Comandos disponibles: ['iniciar_daily', 'iniciar_daily_efimero', 'pregunta_sprint', 'iniciar_sprint', 'finalizar_sprint', 'crear_daily', 'responder_daily', 'registrar_equipo', 'registrar_miembros']
2025-01-19 11:44:36,856 - urllib3.connectionpool - DEBUG - Starting new HTTP connection (1): localhost:5000
2025-01-19 11:44:37,321 - urllib3.connectionpool - DEBUG - http://localhost:5000 "GET /api/obtener_equipo/1 HTTP/1.1" 200 47
2025-01-19 11:44:37,322 - daily_bot - ERROR - Miembro con ID 123456789012345678 no encontrado.
2025-01-19 11:48:28,998 - discord.client - WARNING - PyNaCl is not installed, voice will NOT be supported
2025-01-19 11:48:28,999 - discord.client - DEBUG - on_ready has successfully been registered as an event
2025-01-19 11:48:29,000 - discord.client - DEBUG - on_message has successfully been registered as an event
2025-01-19 11:48:29,000 - discord.client - DEBUG - on_interaction has successfully been registered as an event
2025-01-19 11:48:29,000 - discord.client - DEBUG - on_command_error has successfully been registered as an event
2025-01-19 11:48:29,000 - daily_bot - INFO - Iniciando bot...
2025-01-19 11:48:29,000 - asyncio - DEBUG - Using selector: EpollSelector
2025-01-19 11:48:29,000 - discord.client - INFO - logging in using static token
2025-01-19 11:48:30,179 - discord.gateway - INFO - Shard ID None has connected to Gateway (Session ID: 3bb2574cb4cfd8253dec2b66b8d7143d).
2025-01-19 11:48:32,226 - daily_bot - INFO - developer#7785 se ha conectado a Discord!
2025-01-19 11:48:32,226 - daily_bot - INFO - Cog DailyCommands agregado
2025-01-19 11:48:32,226 - daily_bot - INFO - Recordatorio diario iniciado
2025-01-19 11:48:32,227 - urllib3.connectionpool - DEBUG - Starting new HTTP connection (1): localhost:5000
2025-01-19 11:48:32,810 - urllib3.connectionpool - DEBUG - http://localhost:5000 "GET /api/obtener_equipo/1 HTTP/1.1" 200 47
2025-01-19 11:48:32,811 - daily_bot - ERROR - Miembro con ID 123456789012345678 no encontrado.
2025-01-29 18:48:08,109 - discord.client - WARNING - PyNaCl is not installed, voice will NOT be supported
2025-01-29 18:48:08,110 - discord.client - DEBUG - on_ready has successfully been registered as an event
2025-01-29 18:48:08,110 - discord.client - DEBUG - on_message has successfully been registered as an event
2025-01-29 18:48:08,110 - discord.client - DEBUG - on_interaction has successfully been registered as an event
2025-01-29 18:48:08,110 - discord.client - DEBUG - on_command_error has successfully been registered as an event
2025-01-29 18:48:08,110 - daily_bot - INFO - Iniciando bot...
2025-01-29 18:48:08,110 - asyncio - DEBUG - Using selector: EpollSelector
2025-01-29 18:48:08,111 - discord.client - INFO - logging in using static token
2025-01-29 18:48:09,308 - discord.gateway - INFO - Shard ID None has connected to Gateway (Session ID: 5c00ea0006c61cc73fd08e183624ffed).
2025-01-29 18:48:11,321 - daily_bot - INFO - developer#7785 se ha conectado a Discord!
2025-01-29 18:48:11,321 - daily_bot - INFO - Cog DailyCommands agregado
2025-01-29 18:48:11,322 - daily_bot - INFO - Recordatorio diario iniciado
2025-01-29 18:48:11,323 - urllib3.connectionpool - DEBUG - Starting new HTTP connection (1): localhost:5000
2025-01-29 18:48:11,848 - urllib3.connectionpool - DEBUG - http://localhost:5000 "GET /api/obtener_equipo/1 HTTP/1.1" 200 56
2025-01-29 18:48:11,848 - daily_bot - ERROR - Miembro con ID 123456789012345678 no encontrado.
2025-01-29 18:49:31,908 - urllib3.connectionpool - DEBUG - Starting new HTTP connection (1): localhost:5000
2025-01-29 18:49:32,420 - urllib3.connectionpool - DEBUG - http://localhost:5000 "GET /api/obtener_equipo_por_canal/1330449353873162291 HTTP/1.1" 200 19
2025-01-29 18:49:32,422 - urllib3.connectionpool - DEBUG - Starting new HTTP connection (1): localhost:5000
2025-01-29 18:49:32,424 - urllib3.connectionpool - DEBUG - http://localhost:5000 "POST /api/registrar_miembros HTTP/1.1" 500 83
2025-01-29 18:49:32,425 - daily_bot - INFO - Comando slash ejecutado: registrar_miembros por kercmari en CodeCommunity
2025-01-29 18:56:00,103 - urllib3.connectionpool - DEBUG - Starting new HTTP connection (1): localhost:5000
2025-01-29 18:56:03,215 - urllib3.connectionpool - DEBUG - http://localhost:5000 "GET /api/obtener_equipo_por_canal/1330449353873162291 HTTP/1.1" 200 19
2025-01-29 18:56:03,216 - urllib3.connectionpool - DEBUG - Starting new HTTP connection (1): localhost:5000
2025-01-29 18:56:03,217 - urllib3.connectionpool - DEBUG - http://localhost:5000 "POST /api/registrar_miembros HTTP/1.1" 500 83
2025-01-29 18:56:03,218 - daily_bot - INFO - Comando slash ejecutado: registrar_miembros por kercmari en CodeCommunity
2025-01-29 18:56:03,668 - daily_bot - ERROR - Error en registrar_miembros: 404 Not Found (error code: 10062): Unknown interaction
2025-01-29 18:56:03,830 - discord.app_commands.tree - ERROR - Ignoring exception in command 'registrar_miembros'
Traceback (most recent call last):
  File "/home/kerly/bot-dayli/discord_bot/bot.py", line 338, in registrar_miembros
    await interaction.response.send_message(
  File "/home/kerly/bot-dayli/venv/lib/python3.10/site-packages/discord/interactions.py", line 801, in send_message
    await adapter.create_interaction_response(
  File "/home/kerly/bot-dayli/venv/lib/python3.10/site-packages/discord/webhook/async_.py", line 219, in request
    raise NotFound(response, data)
discord.errors.NotFound: 404 Not Found (error code: 10062): Unknown interaction

During handling of the above exception, another exception occurred:

Traceback (most recent call last):
  File "/home/kerly/bot-dayli/venv/lib/python3.10/site-packages/discord/app_commands/commands.py", line 827, in _do_call
    return await self._callback(self.binding, interaction, **params)  # type: ignore
  File "/home/kerly/bot-dayli/discord_bot/bot.py", line 345, in registrar_miembros
    await interaction.response.send_message(
  File "/home/kerly/bot-dayli/venv/lib/python3.10/site-packages/discord/interactions.py", line 801, in send_message
    await adapter.create_interaction_response(
  File "/home/kerly/bot-dayli/venv/lib/python3.10/site-packages/discord/webhook/async_.py", line 219, in request
    raise NotFound(response, data)
discord.errors.NotFound: 404 Not Found (error code: 10062): Unknown interaction

The above exception was the direct cause of the following exception:

Traceback (most recent call last):
  File "/home/kerly/bot-dayli/venv/lib/python3.10/site-packages/discord/app_commands/tree.py", line 1248, in _call
    await command._invoke_with_namespace(interaction, namespace)
  File "/home/kerly/bot-dayli/venv/lib/python3.10/site-packages/discord/app_commands/commands.py", line 853, in _invoke_with_namespace
    return await self._do_call(interaction, transformed_values)
  File "/home/kerly/bot-dayli/venv/lib/python3.10/site-packages/discord/app_commands/commands.py", line 846, in _do_call
    raise CommandInvokeError(self, e) from e
discord.app_commands.errors.CommandInvokeError: Command 'registrar_miembros' raised an exception: NotFound: 404 Not Found (error code: 10062): Unknown interaction
2025-01-29 18:56:33,083 - discord.client - WARNING - PyNaCl is not installed, voice will NOT be supported
2025-01-29 18:56:33,085 - discord.client - DEBUG - on_ready has successfully been registered as an event
2025-01-29 18:56:33,085 - discord.client - DEBUG - on_message has successfully been registered as an event
2025-01-29 18:56:33,085 - discord.client - DEBUG - on_interaction has successfully been registered as an event
2025-01-29 18:56:33,085 - discord.client - DEBUG - on_command_error has successfully been registered as an event
2025-01-29 18:56:33,085 - daily_bot - INFO - Iniciando bot...
2025-01-29 18:56:33,085 - asyncio - DEBUG - Using selector: EpollSelector
2025-01-29 18:56:33,085 - discord.client - INFO - logging in using static token
2025-01-29 18:56:34,186 - discord.gateway - INFO - Shard ID None has connected to Gateway (Session ID: 964234c444d55d6b96b0855c434d2a41).
2025-01-29 18:56:36,200 - daily_bot - INFO - developer#7785 se ha conectado a Discord!
2025-01-29 18:56:36,201 - daily_bot - INFO - Cog DailyCommands agregado
2025-01-29 18:56:36,201 - daily_bot - INFO - Recordatorio diario iniciado
2025-01-29 18:56:36,202 - urllib3.connectionpool - DEBUG - Starting new HTTP connection (1): localhost:5000
2025-01-29 18:56:36,202 - daily_bot - ERROR - Error en daily_reminder: HTTPConnectionPool(host='localhost', port=5000): Max retries exceeded with url: /api/obtener_equipo/1 (Caused by NewConnectionError('<urllib3.connection.HTTPConnection object at 0x75e9f44231f0>: Failed to establish a new connection: [Errno 111] Connection refused'))
2025-01-29 18:56:47,460 - discord.client - WARNING - PyNaCl is not installed, voice will NOT be supported
2025-01-29 18:56:47,461 - discord.client - DEBUG - on_ready has successfully been registered as an event
2025-01-29 18:56:47,462 - discord.client - DEBUG - on_message has successfully been registered as an event
2025-01-29 18:56:47,462 - discord.client - DEBUG - on_interaction has successfully been registered as an event
2025-01-29 18:56:47,462 - discord.client - DEBUG - on_command_error has successfully been registered as an event
2025-01-29 18:56:47,462 - daily_bot - INFO - Iniciando bot...
2025-01-29 18:56:47,462 - asyncio - DEBUG - Using selector: EpollSelector
2025-01-29 18:56:47,462 - discord.client - INFO - logging in using static token
2025-01-29 18:56:48,587 - discord.gateway - INFO - Shard ID None has connected to Gateway (Session ID: 768a8b17d467c300b53d4543c944a409).
2025-01-29 18:56:50,591 - daily_bot - INFO - developer#7785 se ha conectado a Discord!
2025-01-29 18:56:50,591 - daily_bot - INFO - Cog DailyCommands agregado
2025-01-29 18:56:50,591 - daily_bot - INFO - Recordatorio diario iniciado
2025-01-29 18:56:50,593 - urllib3.connectionpool - DEBUG - Starting new HTTP connection (1): localhost:5000
2025-01-29 18:56:51,113 - urllib3.connectionpool - DEBUG - http://localhost:5000 "GET /api/obtener_equipo/1 HTTP/1.1" 200 56
2025-01-29 18:56:51,113 - daily_bot - ERROR - Miembro con ID 123456789012345678 no encontrado.
2025-01-29 18:56:57,676 - urllib3.connectionpool - DEBUG - Starting new HTTP connection (1): localhost:5000
2025-01-29 18:56:58,177 - urllib3.connectionpool - DEBUG - http://localhost:5000 "GET /api/obtener_equipo_por_canal/1330449353873162291 HTTP/1.1" 200 19
2025-01-29 18:56:58,179 - urllib3.connectionpool - DEBUG - Starting new HTTP connection (1): localhost:5000
2025-01-29 18:56:58,180 - urllib3.connectionpool - DEBUG - http://localhost:5000 "POST /api/registrar_miembros HTTP/1.1" 500 83
2025-01-29 18:56:58,181 - daily_bot - INFO - Comando slash ejecutado: registrar_miembros por kercmari en CodeCommunity
2025-01-29 18:57:50,446 - urllib3.connectionpool - DEBUG - Starting new HTTP connection (1): localhost:5000
2025-01-29 18:57:50,970 - urllib3.connectionpool - DEBUG - http://localhost:5000 "GET /api/obtener_equipo_por_canal/1330449353873162291 HTTP/1.1" 200 19
2025-01-29 18:57:50,971 - urllib3.connectionpool - DEBUG - Starting new HTTP connection (1): localhost:5000
2025-01-29 18:57:50,973 - urllib3.connectionpool - DEBUG - http://localhost:5000 "POST /api/registrar_miembros HTTP/1.1" 500 83
2025-01-29 18:57:50,974 - daily_bot - INFO - Comando slash ejecutado: registrar_miembros por kercmari en CodeCommunity
2025-01-29 18:59:36,391 - discord.client - WARNING - PyNaCl is not installed, voice will NOT be supported
2025-01-29 18:59:36,392 - discord.client - DEBUG - on_ready has successfully been registered as an event
2025-01-29 18:59:36,392 - discord.client - DEBUG - on_message has successfully been registered as an event
2025-01-29 18:59:36,392 - discord.client - DEBUG - on_interaction has successfully been registered as an event
2025-01-29 18:59:36,392 - discord.client - DEBUG - on_command_error has successfully been registered as an event
2025-01-29 18:59:36,393 - daily_bot - INFO - Iniciando bot...
2025-01-29 18:59:36,393 - asyncio - DEBUG - Using selector: EpollSelector
2025-01-29 18:59:36,393 - discord.client - INFO - logging in using static token
2025-01-29 18:59:37,802 - discord.gateway - INFO - Shard ID None has connected to Gateway (Session ID: bf678ce656bd8064c50422d81c66087e).
2025-01-29 18:59:39,807 - daily_bot - INFO - developer#7785 se ha conectado a Discord!
2025-01-29 18:59:39,807 - daily_bot - INFO - Cog DailyCommands agregado
2025-01-29 18:59:39,807 - daily_bot - INFO - Recordatorio diario iniciado
2025-01-29 18:59:39,809 - urllib3.connectionpool - DEBUG - Starting new HTTP connection (1): localhost:5000
2025-01-29 18:59:39,809 - daily_bot - ERROR - Error en daily_reminder: HTTPConnectionPool(host='localhost', port=5000): Max retries exceeded with url: /api/obtener_equipo/1 (Caused by NewConnectionError('<urllib3.connection.HTTPConnection object at 0x7dee32fc3190>: Failed to establish a new connection: [Errno 111] Connection refused'))
2025-01-29 18:59:55,568 - discord.client - WARNING - PyNaCl is not installed, voice will NOT be supported
2025-01-29 18:59:55,569 - discord.client - DEBUG - on_ready has successfully been registered as an event
2025-01-29 18:59:55,570 - discord.client - DEBUG - on_message has successfully been registered as an event
2025-01-29 18:59:55,570 - discord.client - DEBUG - on_interaction has successfully been registered as an event
2025-01-29 18:59:55,570 - discord.client - DEBUG - on_command_error has successfully been registered as an event
2025-01-29 18:59:55,570 - daily_bot - INFO - Iniciando bot...
2025-01-29 18:59:55,570 - asyncio - DEBUG - Using selector: EpollSelector
2025-01-29 18:59:55,570 - discord.client - INFO - logging in using static token
2025-01-29 18:59:56,900 - discord.gateway - INFO - Shard ID None has connected to Gateway (Session ID: 4dad4f8699f6e6961311c0b890f0faba).
2025-01-29 18:59:58,903 - daily_bot - INFO - developer#7785 se ha conectado a Discord!
2025-01-29 18:59:58,903 - daily_bot - INFO - Cog DailyCommands agregado
2025-01-29 18:59:58,903 - daily_bot - INFO - Recordatorio diario iniciado
2025-01-29 18:59:58,905 - urllib3.connectionpool - DEBUG - Starting new HTTP connection (1): localhost:5000
2025-01-29 18:59:59,432 - urllib3.connectionpool - DEBUG - http://localhost:5000 "GET /api/obtener_equipo/1 HTTP/1.1" 200 56
2025-01-29 18:59:59,432 - daily_bot - ERROR - Miembro con ID 123456789012345678 no encontrado.
2025-01-29 19:00:03,686 - urllib3.connectionpool - DEBUG - Starting new HTTP connection (1): localhost:5000
2025-01-29 19:00:04,191 - urllib3.connectionpool - DEBUG - http://localhost:5000 "GET /api/obtener_equipo_por_canal/1330449353873162291 HTTP/1.1" 200 19
2025-01-29 19:00:04,192 - urllib3.connectionpool - DEBUG - Starting new HTTP connection (1): localhost:5000
2025-01-29 19:00:04,194 - urllib3.connectionpool - DEBUG - http://localhost:5000 "POST /api/registrar_miembros HTTP/1.1" 500 83
2025-01-29 19:00:04,196 - daily_bot - INFO - Comando slash ejecutado: registrar_miembros por kercmari en CodeCommunity
2025-01-29 19:00:59,078 - urllib3.connectionpool - DEBUG - Starting new HTTP connection (1): localhost:5000
2025-01-29 19:01:05,276 - urllib3.connectionpool - DEBUG - http://localhost:5000 "GET /api/obtener_equipo_por_canal/1330449353873162291 HTTP/1.1" 200 19
2025-01-29 19:01:05,277 - urllib3.connectionpool - DEBUG - Starting new HTTP connection (1): localhost:5000
2025-01-29 19:01:05,279 - urllib3.connectionpool - DEBUG - http://localhost:5000 "POST /api/registrar_miembros HTTP/1.1" 500 83
2025-01-29 19:01:05,279 - daily_bot - INFO - Comando slash ejecutado: registrar_miembros por kercmari en CodeCommunity
2025-01-29 19:01:05,662 - daily_bot - ERROR - Error en registrar_miembros: 404 Not Found (error code: 10062): Unknown interaction
2025-01-29 19:01:05,802 - discord.app_commands.tree - ERROR - Ignoring exception in command 'registrar_miembros'
Traceback (most recent call last):
  File "/home/kerly/bot-dayli/discord_bot/bot.py", line 338, in registrar_miembros
    await interaction.response.send_message(
  File "/home/kerly/bot-dayli/venv/lib/python3.10/site-packages/discord/interactions.py", line 801, in send_message
    await adapter.create_interaction_response(
  File "/home/kerly/bot-dayli/venv/lib/python3.10/site-packages/discord/webhook/async_.py", line 219, in request
    raise NotFound(response, data)
discord.errors.NotFound: 404 Not Found (error code: 10062): Unknown interaction

During handling of the above exception, another exception occurred:

Traceback (most recent call last):
  File "/home/kerly/bot-dayli/venv/lib/python3.10/site-packages/discord/app_commands/commands.py", line 827, in _do_call
    return await self._callback(self.binding, interaction, **params)  # type: ignore
  File "/home/kerly/bot-dayli/discord_bot/bot.py", line 345, in registrar_miembros
    await interaction.response.send_message(
  File "/home/kerly/bot-dayli/venv/lib/python3.10/site-packages/discord/interactions.py", line 801, in send_message
    await adapter.create_interaction_response(
  File "/home/kerly/bot-dayli/venv/lib/python3.10/site-packages/discord/webhook/async_.py", line 219, in request
    raise NotFound(response, data)
discord.errors.NotFound: 404 Not Found (error code: 10062): Unknown interaction

The above exception was the direct cause of the following exception:

Traceback (most recent call last):
  File "/home/kerly/bot-dayli/venv/lib/python3.10/site-packages/discord/app_commands/tree.py", line 1248, in _call
    await command._invoke_with_namespace(interaction, namespace)
  File "/home/kerly/bot-dayli/venv/lib/python3.10/site-packages/discord/app_commands/commands.py", line 853, in _invoke_with_namespace
    return await self._do_call(interaction, transformed_values)
  File "/home/kerly/bot-dayli/venv/lib/python3.10/site-packages/discord/app_commands/commands.py", line 846, in _do_call
    raise CommandInvokeError(self, e) from e
discord.app_commands.errors.CommandInvokeError: Command 'registrar_miembros' raised an exception: NotFound: 404 Not Found (error code: 10062): Unknown interaction
2025-01-29 19:03:33,578 - urllib3.connectionpool - DEBUG - Starting new HTTP connection (1): localhost:5000
2025-01-29 19:03:36,793 - urllib3.connectionpool - DEBUG - http://localhost:5000 "GET /api/obtener_equipo_por_canal/1330449353873162291 HTTP/1.1" 200 19
2025-01-29 19:03:36,795 - urllib3.connectionpool - DEBUG - Starting new HTTP connection (1): localhost:5000
2025-01-29 19:03:36,796 - urllib3.connectionpool - DEBUG - http://localhost:5000 "POST /api/registrar_miembros HTTP/1.1" 200 5
2025-01-29 19:03:36,797 - daily_bot - INFO - Comando slash ejecutado: registrar_miembros por kercmari en CodeCommunity
2025-01-29 19:03:37,150 - daily_bot - ERROR - Error en registrar_miembros: 404 Not Found (error code: 10062): Unknown interaction
2025-01-29 19:03:37,337 - discord.app_commands.tree - ERROR - Ignoring exception in command 'registrar_miembros'
Traceback (most recent call last):
  File "/home/kerly/bot-dayli/discord_bot/bot.py", line 332, in registrar_miembros
    await interaction.response.send_message(
  File "/home/kerly/bot-dayli/venv/lib/python3.10/site-packages/discord/interactions.py", line 801, in send_message
    await adapter.create_interaction_response(
  File "/home/kerly/bot-dayli/venv/lib/python3.10/site-packages/discord/webhook/async_.py", line 219, in request
    raise NotFound(response, data)
discord.errors.NotFound: 404 Not Found (error code: 10062): Unknown interaction

During handling of the above exception, another exception occurred:

Traceback (most recent call last):
  File "/home/kerly/bot-dayli/venv/lib/python3.10/site-packages/discord/app_commands/commands.py", line 827, in _do_call
    return await self._callback(self.binding, interaction, **params)  # type: ignore
  File "/home/kerly/bot-dayli/discord_bot/bot.py", line 345, in registrar_miembros
    await interaction.response.send_message(
  File "/home/kerly/bot-dayli/venv/lib/python3.10/site-packages/discord/interactions.py", line 801, in send_message
    await adapter.create_interaction_response(
  File "/home/kerly/bot-dayli/venv/lib/python3.10/site-packages/discord/webhook/async_.py", line 219, in request
    raise NotFound(response, data)
discord.errors.NotFound: 404 Not Found (error code: 10062): Unknown interaction

The above exception was the direct cause of the following exception:

Traceback (most recent call last):
  File "/home/kerly/bot-dayli/venv/lib/python3.10/site-packages/discord/app_commands/tree.py", line 1248, in _call
    await command._invoke_with_namespace(interaction, namespace)
  File "/home/kerly/bot-dayli/venv/lib/python3.10/site-packages/discord/app_commands/commands.py", line 853, in _invoke_with_namespace
    return await self._do_call(interaction, transformed_values)
  File "/home/kerly/bot-dayli/venv/lib/python3.10/site-packages/discord/app_commands/commands.py", line 846, in _do_call
    raise CommandInvokeError(self, e) from e
discord.app_commands.errors.CommandInvokeError: Command 'registrar_miembros' raised an exception: NotFound: 404 Not Found (error code: 10062): Unknown interaction
2025-01-29 19:07:28,686 - urllib3.connectionpool - DEBUG - Starting new HTTP connection (1): localhost:5000
2025-01-29 19:07:29,181 - urllib3.connectionpool - DEBUG - http://localhost:5000 "GET /api/obtener_equipo_por_canal/1330449353873162291 HTTP/1.1" 200 19
2025-01-29 19:07:29,182 - urllib3.connectionpool - DEBUG - Starting new HTTP connection (1): localhost:5000
2025-01-29 19:07:29,183 - urllib3.connectionpool - DEBUG - http://localhost:5000 "POST /api/registrar_miembros HTTP/1.1" 200 5
2025-01-29 19:07:29,184 - daily_bot - INFO - Comando slash ejecutado: registrar_miembros por kercmari en CodeCommunity
2025-01-29 19:12:19,972 - daily_bot - INFO - Comando slash ejecutado: iniciar_daily por kercmari en CodeCommunity
2025-01-29 19:15:15,086 - discord.client - ERROR - Ignoring exception in on_message
Traceback (most recent call last):
  File "/home/kerly/bot-dayli/venv/lib/python3.10/site-packages/discord/client.py", line 441, in _run_event
    await coro(*args, **kwargs)
  File "/home/kerly/bot-dayli/discord_bot/bot.py", line 408, in on_message
    f"Mensaje recibido de {message.author.name} en #{message.channel.name}: {message.content}"
AttributeError: 'DMChannel' object has no attribute 'name'
2025-01-29 19:31:03,241 - urllib3.connectionpool - DEBUG - Starting new HTTP connection (1): localhost:5000
2025-01-29 19:31:03,746 - urllib3.connectionpool - DEBUG - http://localhost:5000 "GET /api/obtener_equipo_por_canal/1330449353873162291 HTTP/1.1" 200 19
2025-01-29 19:31:03,747 - urllib3.connectionpool - DEBUG - Starting new HTTP connection (1): localhost:5000
2025-01-29 19:31:03,749 - urllib3.connectionpool - DEBUG - http://localhost:5000 "POST /api/registrar_miembros HTTP/1.1" 200 5
2025-01-29 19:31:03,750 - daily_bot - INFO - Comando slash ejecutado: registrar_miembros por kercmari en CodeCommunity
2025-01-29 19:37:38,884 - urllib3.connectionpool - DEBUG - Starting new HTTP connection (1): localhost:5000
2025-01-29 19:37:39,371 - urllib3.connectionpool - DEBUG - http://localhost:5000 "GET /api/obtener_equipo_por_canal/1330449353873162291 HTTP/1.1" 200 19
2025-01-29 19:37:39,372 - urllib3.connectionpool - DEBUG - Starting new HTTP connection (1): localhost:5000
2025-01-29 19:37:39,374 - urllib3.connectionpool - DEBUG - http://localhost:5000 "POST /api/registrar_miembros HTTP/1.1" 500 29
2025-01-29 19:37:39,374 - daily_bot - INFO - Comando slash ejecutado: registrar_miembros por kercmari en CodeCommunity
2025-01-29 19:41:55,725 - urllib3.connectionpool - DEBUG - Starting new HTTP connection (1): localhost:5000
2025-01-29 19:41:57,645 - urllib3.connectionpool - DEBUG - http://localhost:5000 "GET /api/obtener_equipo_por_canal/1330449353873162291 HTTP/1.1" 200 19
2025-01-29 19:41:57,646 - urllib3.connectionpool - DEBUG - Starting new HTTP connection (1): localhost:5000
2025-01-29 19:41:57,648 - urllib3.connectionpool - DEBUG - http://localhost:5000 "POST /api/registrar_miembros HTTP/1.1" 500 29
2025-01-29 19:41:57,648 - daily_bot - INFO - Comando slash ejecutado: registrar_miembros por kercmari en CodeCommunity
2025-01-29 19:42:33,868 - discord.client - WARNING - PyNaCl is not installed, voice will NOT be supported
2025-01-29 19:42:33,869 - discord.client - DEBUG - on_ready has successfully been registered as an event
2025-01-29 19:42:33,869 - discord.client - DEBUG - on_message has successfully been registered as an event
2025-01-29 19:42:33,869 - discord.client - DEBUG - on_interaction has successfully been registered as an event
2025-01-29 19:42:33,869 - discord.client - DEBUG - on_command_error has successfully been registered as an event
2025-01-29 19:42:33,869 - daily_bot - INFO - Iniciando bot...
2025-01-29 19:42:33,870 - asyncio - DEBUG - Using selector: EpollSelector
2025-01-29 19:42:33,870 - discord.client - INFO - logging in using static token
2025-01-29 19:42:35,111 - discord.gateway - INFO - Shard ID None has connected to Gateway (Session ID: 31ec4bc7f76c1522c8070572a0a9993d).
2025-01-29 19:42:37,127 - daily_bot - INFO - developer#7785 se ha conectado a Discord!
2025-01-29 19:42:37,127 - daily_bot - INFO - Cog DailyCommands agregado
2025-01-29 19:42:37,127 - daily_bot - INFO - Recordatorio diario iniciado
2025-01-29 19:42:37,129 - urllib3.connectionpool - DEBUG - Starting new HTTP connection (1): localhost:5000
2025-01-29 19:42:37,618 - urllib3.connectionpool - DEBUG - http://localhost:5000 "GET /api/obtener_equipo/1 HTTP/1.1" 200 56
2025-01-29 19:42:37,619 - daily_bot - ERROR - Miembro con ID 123456789012345678 no encontrado.
2025-01-29 19:42:41,251 - urllib3.connectionpool - DEBUG - Starting new HTTP connection (1): localhost:5000
2025-01-29 19:42:41,727 - urllib3.connectionpool - DEBUG - http://localhost:5000 "GET /api/obtener_equipo_por_canal/1330449353873162291 HTTP/1.1" 200 19
2025-01-29 19:42:41,729 - urllib3.connectionpool - DEBUG - Starting new HTTP connection (1): localhost:5000
2025-01-29 19:42:42,209 - urllib3.connectionpool - DEBUG - http://localhost:5000 "POST /api/registrar_miembros HTTP/1.1" 200 55
2025-01-29 19:42:42,210 - daily_bot - INFO - Comando slash ejecutado: registrar_miembros por kercmari en CodeCommunity
2025-02-11 18:00:18,678 - discord.client - WARNING - PyNaCl is not installed, voice will NOT be supported
2025-02-11 18:00:18,706 - discord.client - DEBUG - on_ready has successfully been registered as an event
2025-02-11 18:00:18,707 - discord.client - DEBUG - on_message has successfully been registered as an event
2025-02-11 18:00:18,708 - discord.client - DEBUG - on_interaction has successfully been registered as an event
2025-02-11 18:00:18,709 - discord.client - DEBUG - on_command_error has successfully been registered as an event
2025-02-11 18:00:18,710 - daily_bot - INFO - Iniciando bot...
2025-02-11 18:00:18,747 - asyncio - DEBUG - Using proactor: IocpProactor
2025-02-11 18:00:18,846 - discord.client - INFO - logging in using static token
2025-02-11 18:00:22,629 - discord.gateway - INFO - Shard ID None has connected to Gateway (Session ID: 29304f1ef525816e42661b83425b9f2c).
2025-02-11 18:00:24,731 - daily_bot - INFO - developer#7785 se ha conectado a Discord!
2025-02-11 18:00:24,732 - daily_bot - INFO - Cog DailyCommands agregado
2025-02-11 18:00:24,733 - daily_bot - INFO - Recordatorio diario iniciado
2025-02-11 18:00:24,736 - urllib3.connectionpool - DEBUG - Starting new HTTP connection (1): localhost:5000
2025-02-11 18:00:27,283 - urllib3.connectionpool - DEBUG - http://localhost:5000 "GET /api/obtener_equipo/1 HTTP/1.1" 200 56
2025-02-11 18:00:27,286 - daily_bot - ERROR - Miembro con ID 123456789012345678 no encontrado.
2025-02-11 18:02:24,211 - daily_bot - INFO - Mensaje recibido de angelica_ma en #bienvenida-y-reglas: hola
2025-02-11 18:03:20,460 - daily_bot - INFO - Mensaje recibido de angelica_ma en #planificacin-de-sesiones: POST /api/registrar_equipo
2025-02-11 18:06:10,206 - daily_bot - INFO - Registrando equipo: Prueba1 http://localhost:5000/
2025-02-11 18:06:10,208 - urllib3.connectionpool - DEBUG - Starting new HTTP connection (1): localhost:5000
2025-02-11 18:06:13,071 - urllib3.connectionpool - DEBUG - http://localhost:5000 "POST /api/registrar_equipo HTTP/1.1" 200 56
2025-02-11 18:06:13,073 - daily_bot - INFO - Comando slash ejecutado: registrar_equipo por angelica_ma en CodeCommunity
2025-02-11 18:06:13,505 - daily_bot - ERROR - Error en registrar_equipo: 404 Not Found (error code: 10062): Unknown interaction
2025-02-11 18:06:13,709 - discord.app_commands.tree - ERROR - Ignoring exception in command 'registrar_equipo'
Traceback (most recent call last):
  File "C:\Users\angelica\Documents\GitHub\dayli_scrum_discord\discord_bot\bot.py", line 261, in registrar_equipo
    await interaction.response.send_message(
    ...<3 lines>...
    )
  File "C:\Users\angelica\Documents\GitHub\dayli_scrum_discord\venv\Lib\site-packages\discord\interactions.py", line 855, in send_message
    await adapter.create_interaction_response(
    ...<6 lines>...
    )
  File "C:\Users\angelica\Documents\GitHub\dayli_scrum_discord\venv\Lib\site-packages\discord\webhook\async_.py", line 221, in request
    raise NotFound(response, data)
discord.errors.NotFound: 404 Not Found (error code: 10062): Unknown interaction

During handling of the above exception, another exception occurred:

Traceback (most recent call last):
  File "C:\Users\angelica\Documents\GitHub\dayli_scrum_discord\venv\Lib\site-packages\discord\app_commands\commands.py", line 857, in _do_call
    return await self._callback(self.binding, interaction, **params)  # type: ignore
           ^^^^^^^^^^^^^^^^^^^^^^^^^^^^^^^^^^^^^^^^^^^^^^^^^^^^^^^^^
  File "C:\Users\angelica\Documents\GitHub\dayli_scrum_discord\discord_bot\bot.py", line 278, in registrar_equipo
    await interaction.response.send_message(
        "Error inesperado al registrar el equipo.", ephemeral=True
    )
  File "C:\Users\angelica\Documents\GitHub\dayli_scrum_discord\venv\Lib\site-packages\discord\interactions.py", line 855, in send_message
    await adapter.create_interaction_response(
    ...<6 lines>...
    )
  File "C:\Users\angelica\Documents\GitHub\dayli_scrum_discord\venv\Lib\site-packages\discord\webhook\async_.py", line 221, in request
    raise NotFound(response, data)
discord.errors.NotFound: 404 Not Found (error code: 10062): Unknown interaction

The above exception was the direct cause of the following exception:

Traceback (most recent call last):
  File "C:\Users\angelica\Documents\GitHub\dayli_scrum_discord\venv\Lib\site-packages\discord\app_commands\tree.py", line 1310, in _call
    await command._invoke_with_namespace(interaction, namespace)
  File "C:\Users\angelica\Documents\GitHub\dayli_scrum_discord\venv\Lib\site-packages\discord\app_commands\commands.py", line 883, in _invoke_with_namespace
    return await self._do_call(interaction, transformed_values)
           ^^^^^^^^^^^^^^^^^^^^^^^^^^^^^^^^^^^^^^^^^^^^^^^^^^^^
  File "C:\Users\angelica\Documents\GitHub\dayli_scrum_discord\venv\Lib\site-packages\discord\app_commands\commands.py", line 876, in _do_call
    raise CommandInvokeError(self, e) from e
discord.app_commands.errors.CommandInvokeError: Command 'registrar_equipo' raised an exception: NotFound: 404 Not Found (error code: 10062): Unknown interaction
2025-02-11 18:10:30,329 - daily_bot - INFO - Registrando equipo: Prueba1 http://localhost:5000/
2025-02-11 18:10:30,331 - urllib3.connectionpool - DEBUG - Starting new HTTP connection (1): localhost:5000
2025-02-11 18:10:33,149 - urllib3.connectionpool - DEBUG - http://localhost:5000 "POST /api/registrar_equipo HTTP/1.1" 200 56
2025-02-11 18:10:33,151 - daily_bot - INFO - Comando slash ejecutado: registrar_equipo por angelica_ma en CodeCommunity
2025-02-11 18:10:33,509 - daily_bot - ERROR - Error en registrar_equipo: 404 Not Found (error code: 10062): Unknown interaction
2025-02-11 18:10:33,690 - discord.app_commands.tree - ERROR - Ignoring exception in command 'registrar_equipo'
Traceback (most recent call last):
  File "C:\Users\angelica\Documents\GitHub\dayli_scrum_discord\discord_bot\bot.py", line 261, in registrar_equipo
    await interaction.response.send_message(
    ...<3 lines>...
    )
  File "C:\Users\angelica\Documents\GitHub\dayli_scrum_discord\venv\Lib\site-packages\discord\interactions.py", line 855, in send_message
    await adapter.create_interaction_response(
    ...<6 lines>...
    )
  File "C:\Users\angelica\Documents\GitHub\dayli_scrum_discord\venv\Lib\site-packages\discord\webhook\async_.py", line 221, in request
    raise NotFound(response, data)
discord.errors.NotFound: 404 Not Found (error code: 10062): Unknown interaction

During handling of the above exception, another exception occurred:

Traceback (most recent call last):
  File "C:\Users\angelica\Documents\GitHub\dayli_scrum_discord\venv\Lib\site-packages\discord\app_commands\commands.py", line 857, in _do_call
    return await self._callback(self.binding, interaction, **params)  # type: ignore
           ^^^^^^^^^^^^^^^^^^^^^^^^^^^^^^^^^^^^^^^^^^^^^^^^^^^^^^^^^
  File "C:\Users\angelica\Documents\GitHub\dayli_scrum_discord\discord_bot\bot.py", line 278, in registrar_equipo
    await interaction.response.send_message(
        "Error inesperado al registrar el equipo.", ephemeral=True
    )
  File "C:\Users\angelica\Documents\GitHub\dayli_scrum_discord\venv\Lib\site-packages\discord\interactions.py", line 855, in send_message
    await adapter.create_interaction_response(
    ...<6 lines>...
    )
  File "C:\Users\angelica\Documents\GitHub\dayli_scrum_discord\venv\Lib\site-packages\discord\webhook\async_.py", line 221, in request
    raise NotFound(response, data)
discord.errors.NotFound: 404 Not Found (error code: 10062): Unknown interaction

The above exception was the direct cause of the following exception:

Traceback (most recent call last):
  File "C:\Users\angelica\Documents\GitHub\dayli_scrum_discord\venv\Lib\site-packages\discord\app_commands\tree.py", line 1310, in _call
    await command._invoke_with_namespace(interaction, namespace)
  File "C:\Users\angelica\Documents\GitHub\dayli_scrum_discord\venv\Lib\site-packages\discord\app_commands\commands.py", line 883, in _invoke_with_namespace
    return await self._do_call(interaction, transformed_values)
           ^^^^^^^^^^^^^^^^^^^^^^^^^^^^^^^^^^^^^^^^^^^^^^^^^^^^
  File "C:\Users\angelica\Documents\GitHub\dayli_scrum_discord\venv\Lib\site-packages\discord\app_commands\commands.py", line 876, in _do_call
    raise CommandInvokeError(self, e) from e
discord.app_commands.errors.CommandInvokeError: Command 'registrar_equipo' raised an exception: NotFound: 404 Not Found (error code: 10062): Unknown interaction
2025-02-11 18:11:43,811 - daily_bot - INFO - Registrando equipo: bot-dayli http://localhost:5000/
2025-02-11 18:11:43,817 - urllib3.connectionpool - DEBUG - Starting new HTTP connection (1): localhost:5000
2025-02-11 18:11:46,646 - urllib3.connectionpool - DEBUG - http://localhost:5000 "POST /api/registrar_equipo HTTP/1.1" 200 56
2025-02-11 18:11:46,648 - daily_bot - INFO - Comando slash ejecutado: registrar_equipo por angelica_ma en CodeCommunity
2025-02-11 18:11:47,027 - daily_bot - ERROR - Error en registrar_equipo: 404 Not Found (error code: 10062): Unknown interaction
2025-02-11 18:11:47,207 - discord.app_commands.tree - ERROR - Ignoring exception in command 'registrar_equipo'
Traceback (most recent call last):
  File "C:\Users\angelica\Documents\GitHub\dayli_scrum_discord\discord_bot\bot.py", line 261, in registrar_equipo
    await interaction.response.send_message(
    ...<3 lines>...
    )
  File "C:\Users\angelica\Documents\GitHub\dayli_scrum_discord\venv\Lib\site-packages\discord\interactions.py", line 855, in send_message
    await adapter.create_interaction_response(
    ...<6 lines>...
    )
  File "C:\Users\angelica\Documents\GitHub\dayli_scrum_discord\venv\Lib\site-packages\discord\webhook\async_.py", line 221, in request
    raise NotFound(response, data)
discord.errors.NotFound: 404 Not Found (error code: 10062): Unknown interaction

During handling of the above exception, another exception occurred:

Traceback (most recent call last):
  File "C:\Users\angelica\Documents\GitHub\dayli_scrum_discord\venv\Lib\site-packages\discord\app_commands\commands.py", line 857, in _do_call
    return await self._callback(self.binding, interaction, **params)  # type: ignore
           ^^^^^^^^^^^^^^^^^^^^^^^^^^^^^^^^^^^^^^^^^^^^^^^^^^^^^^^^^
  File "C:\Users\angelica\Documents\GitHub\dayli_scrum_discord\discord_bot\bot.py", line 278, in registrar_equipo
    await interaction.response.send_message(
        "Error inesperado al registrar el equipo.", ephemeral=True
    )
  File "C:\Users\angelica\Documents\GitHub\dayli_scrum_discord\venv\Lib\site-packages\discord\interactions.py", line 855, in send_message
    await adapter.create_interaction_response(
    ...<6 lines>...
    )
  File "C:\Users\angelica\Documents\GitHub\dayli_scrum_discord\venv\Lib\site-packages\discord\webhook\async_.py", line 221, in request
    raise NotFound(response, data)
discord.errors.NotFound: 404 Not Found (error code: 10062): Unknown interaction

The above exception was the direct cause of the following exception:

Traceback (most recent call last):
  File "C:\Users\angelica\Documents\GitHub\dayli_scrum_discord\venv\Lib\site-packages\discord\app_commands\tree.py", line 1310, in _call
    await command._invoke_with_namespace(interaction, namespace)
  File "C:\Users\angelica\Documents\GitHub\dayli_scrum_discord\venv\Lib\site-packages\discord\app_commands\commands.py", line 883, in _invoke_with_namespace
    return await self._do_call(interaction, transformed_values)
           ^^^^^^^^^^^^^^^^^^^^^^^^^^^^^^^^^^^^^^^^^^^^^^^^^^^^
  File "C:\Users\angelica\Documents\GitHub\dayli_scrum_discord\venv\Lib\site-packages\discord\app_commands\commands.py", line 876, in _do_call
    raise CommandInvokeError(self, e) from e
discord.app_commands.errors.CommandInvokeError: Command 'registrar_equipo' raised an exception: NotFound: 404 Not Found (error code: 10062): Unknown interaction
2025-02-11 18:15:52,690 - discord.client - WARNING - PyNaCl is not installed, voice will NOT be supported
2025-02-11 18:15:52,693 - discord.client - DEBUG - on_ready has successfully been registered as an event
2025-02-11 18:15:52,694 - discord.client - DEBUG - on_message has successfully been registered as an event
2025-02-11 18:15:52,694 - discord.client - DEBUG - on_interaction has successfully been registered as an event
2025-02-11 18:15:52,695 - discord.client - DEBUG - on_command_error has successfully been registered as an event
2025-02-11 18:15:52,695 - daily_bot - INFO - Iniciando bot...
2025-02-11 18:15:52,696 - asyncio - DEBUG - Using proactor: IocpProactor
2025-02-11 18:15:52,698 - discord.client - INFO - logging in using static token
2025-02-11 18:15:53,877 - discord.gateway - INFO - Shard ID None has connected to Gateway (Session ID: 8c2869dc730ac525aa7bae42582746d2).
2025-02-11 18:15:55,894 - daily_bot - INFO - developer#7785 se ha conectado a Discord!
2025-02-11 18:15:55,896 - daily_bot - INFO - Cog DailyCommands agregado
2025-02-11 18:15:55,897 - daily_bot - INFO - Recordatorio diario iniciado
2025-02-11 18:15:55,902 - urllib3.connectionpool - DEBUG - Starting new HTTP connection (1): localhost:5000
2025-02-11 18:15:58,204 - urllib3.connectionpool - DEBUG - http://localhost:5000 "GET /api/obtener_equipo/1 HTTP/1.1" 404 39
2025-02-11 18:15:58,206 - daily_bot - ERROR - Error obteniendo equipo 1: 404
2025-02-11 18:16:31,030 - daily_bot - INFO - Registrando equipo: bot-dayli http://localhost:5000/
2025-02-11 18:16:31,035 - urllib3.connectionpool - DEBUG - Starting new HTTP connection (1): localhost:5000
2025-02-11 18:16:33,699 - urllib3.connectionpool - DEBUG - http://localhost:5000 "POST /api/registrar_equipo HTTP/1.1" 200 56
2025-02-11 18:16:33,700 - daily_bot - INFO - Comando slash ejecutado: registrar_equipo por angelica_ma en CodeCommunity
2025-02-11 18:17:42,757 - urllib3.connectionpool - DEBUG - Starting new HTTP connection (1): localhost:5000
2025-02-11 18:17:45,086 - urllib3.connectionpool - DEBUG - http://localhost:5000 "POST /api/registrar_miembros HTTP/1.1" 200 55
2025-02-11 18:17:45,089 - daily_bot - INFO - Comando slash ejecutado: registrar_miembros por angelica_ma en CodeCommunity
2025-02-11 18:20:41,178 - daily_bot - INFO - Mensaje recibido de angelica_ma en #bot-dayli: /obtener_equipo/1
2025-02-11 18:51:25,709 - discord.client - WARNING - PyNaCl is not installed, voice will NOT be supported
2025-02-11 18:51:25,711 - discord.client - DEBUG - on_ready has successfully been registered as an event
2025-02-11 18:51:25,712 - discord.client - DEBUG - on_message has successfully been registered as an event
2025-02-11 18:51:25,712 - discord.client - DEBUG - on_interaction has successfully been registered as an event
2025-02-11 18:51:25,712 - discord.client - DEBUG - on_command_error has successfully been registered as an event
2025-02-11 18:51:25,713 - daily_bot - INFO - Iniciando bot...
2025-02-11 18:51:25,713 - asyncio - DEBUG - Using proactor: IocpProactor
2025-02-11 18:51:25,715 - discord.client - INFO - logging in using static token
2025-02-11 18:51:26,902 - discord.gateway - INFO - Shard ID None has connected to Gateway (Session ID: 581baef6b0937a784c007731936ad2ed).
2025-02-11 18:51:28,908 - daily_bot - INFO - developer#7785 se ha conectado a Discord!
2025-02-11 18:51:28,909 - daily_bot - INFO - Cog DailyCommands agregado
2025-02-11 18:51:28,909 - daily_bot - INFO - Recordatorio diario iniciado
2025-02-11 18:51:28,911 - urllib3.connectionpool - DEBUG - Starting new HTTP connection (1): localhost:5000
2025-02-11 18:51:31,282 - urllib3.connectionpool - DEBUG - http://localhost:5000 "GET /api/obtener_equipo/1 HTTP/1.1" 200 56
2025-02-11 18:51:31,285 - daily_bot - ERROR - Miembro con ID 123456789012345678 no encontrado.
2025-02-11 18:53:30,748 - daily_bot - INFO - Mensaje recibido de bearxpress en #general: 
2025-02-11 18:53:52,957 - urllib3.connectionpool - DEBUG - Starting new HTTP connection (1): localhost:5000
2025-02-11 18:53:54,989 - urllib3.connectionpool - DEBUG - http://localhost:5000 "POST /crear_daily HTTP/1.1" 404 207
2025-02-11 18:53:54,990 - daily_bot - ERROR - Error creando daily: 404
2025-02-11 18:53:54,992 - daily_bot - INFO - Comando slash ejecutado: crear_daily por bearxpress en CodeCommunity
2025-02-11 18:54:07,090 - urllib3.connectionpool - DEBUG - Starting new HTTP connection (1): localhost:5000
2025-02-11 18:54:09,120 - urllib3.connectionpool - DEBUG - http://localhost:5000 "POST /crear_daily HTTP/1.1" 404 207
2025-02-11 18:54:09,121 - daily_bot - ERROR - Error creando daily: 404
2025-02-11 18:54:09,123 - daily_bot - INFO - Comando slash ejecutado: crear_daily por bearxpress en CodeCommunity
2025-02-11 19:28:59,885 - daily_bot - INFO - Comando slash ejecutado: iniciar_daily por angelica_ma en CodeCommunity
2025-02-11 19:29:58,424 - discord.client - ERROR - Ignoring exception in on_message
Traceback (most recent call last):
  File "C:\Users\angelica\Documents\GitHub\dayli_scrum_discord\venv\Lib\site-packages\discord\client.py", line 449, in _run_event
    await coro(*args, **kwargs)
  File "C:\Users\angelica\Documents\GitHub\dayli_scrum_discord\discord_bot\bot.py", line 409, in on_message
    f"Mensaje recibido de {message.author.name} en #{message.channel.name}: {message.content}"
                                                     ^^^^^^^^^^^^^^^^^^^^
AttributeError: 'DMChannel' object has no attribute 'name'
2025-02-11 19:30:14,583 - discord.client - ERROR - Ignoring exception in on_message
Traceback (most recent call last):
  File "C:\Users\angelica\Documents\GitHub\dayli_scrum_discord\venv\Lib\site-packages\discord\client.py", line 449, in _run_event
    await coro(*args, **kwargs)
  File "C:\Users\angelica\Documents\GitHub\dayli_scrum_discord\discord_bot\bot.py", line 409, in on_message
    f"Mensaje recibido de {message.author.name} en #{message.channel.name}: {message.content}"
                                                     ^^^^^^^^^^^^^^^^^^^^
AttributeError: 'DMChannel' object has no attribute 'name'
2025-02-11 19:30:35,668 - discord.client - ERROR - Ignoring exception in on_message
Traceback (most recent call last):
  File "C:\Users\angelica\Documents\GitHub\dayli_scrum_discord\venv\Lib\site-packages\discord\client.py", line 449, in _run_event
    await coro(*args, **kwargs)
  File "C:\Users\angelica\Documents\GitHub\dayli_scrum_discord\discord_bot\bot.py", line 409, in on_message
    f"Mensaje recibido de {message.author.name} en #{message.channel.name}: {message.content}"
                                                     ^^^^^^^^^^^^^^^^^^^^
AttributeError: 'DMChannel' object has no attribute 'name'
2025-02-11 19:52:19,675 - discord.gateway - INFO - Shard ID None has successfully RESUMED session 581baef6b0937a784c007731936ad2ed.
2025-02-14 17:18:17,755 - discord.client - WARNING - PyNaCl is not installed, voice will NOT be supported
2025-02-14 17:18:17,782 - discord.client - DEBUG - on_ready has successfully been registered as an event
2025-02-14 17:18:17,782 - discord.client - DEBUG - on_message has successfully been registered as an event
2025-02-14 17:18:17,783 - discord.client - DEBUG - on_interaction has successfully been registered as an event
2025-02-14 17:18:17,783 - discord.client - DEBUG - on_command_error has successfully been registered as an event
2025-02-14 17:18:17,784 - daily_bot - INFO - Iniciando bot...
2025-02-14 17:18:17,791 - asyncio - DEBUG - Using proactor: IocpProactor
2025-02-14 17:18:17,809 - discord.client - INFO - logging in using static token
2025-02-14 17:18:19,864 - discord.gateway - INFO - Shard ID None has connected to Gateway (Session ID: b4dce1d7c9091d5a9e82cd4f7f2f23c5).
2025-02-14 17:18:21,920 - daily_bot - INFO - developer#7785 se ha conectado a Discord!
2025-02-14 17:18:21,921 - daily_bot - INFO - Cog DailyCommands agregado
2025-02-14 17:18:21,922 - daily_bot - INFO - Recordatorio diario iniciado
2025-02-14 17:18:21,924 - urllib3.connectionpool - DEBUG - Starting new HTTP connection (1): localhost:5000
2025-02-14 17:18:24,320 - urllib3.connectionpool - DEBUG - http://localhost:5000 "GET /api/obtener_equipo/1 HTTP/1.1" 200 56
2025-02-14 17:18:24,322 - daily_bot - ERROR - Miembro con ID 123456789012345678 no encontrado.
2025-02-14 17:21:59,155 - daily_bot - INFO - Registrando equipo: padawan1 http://localhost:5000/
2025-02-14 17:21:59,161 - urllib3.connectionpool - DEBUG - Starting new HTTP connection (1): localhost:5000
2025-02-14 17:22:01,840 - urllib3.connectionpool - DEBUG - http://localhost:5000 "POST /api/registrar_equipo HTTP/1.1" 200 56
2025-02-14 17:22:01,842 - daily_bot - INFO - Comando slash ejecutado: registrar_equipo por mrt0mato en CodeCommunity
2025-02-14 17:22:02,207 - daily_bot - ERROR - Error en registrar_equipo: 404 Not Found (error code: 10062): Unknown interaction
2025-02-14 17:22:02,399 - discord.app_commands.tree - ERROR - Ignoring exception in command 'registrar_equipo'
Traceback (most recent call last):
  File "C:\Users\angelica\Documents\GitHub\dayli_scrum_discord\discord_bot\bot.py", line 261, in registrar_equipo
    await interaction.response.send_message(
    ...<3 lines>...
    )
  File "C:\Users\angelica\Documents\GitHub\dayli_scrum_discord\venv\Lib\site-packages\discord\interactions.py", line 855, in send_message
    await adapter.create_interaction_response(
    ...<6 lines>...
    )
  File "C:\Users\angelica\Documents\GitHub\dayli_scrum_discord\venv\Lib\site-packages\discord\webhook\async_.py", line 221, in request
    raise NotFound(response, data)
discord.errors.NotFound: 404 Not Found (error code: 10062): Unknown interaction

During handling of the above exception, another exception occurred:

Traceback (most recent call last):
  File "C:\Users\angelica\Documents\GitHub\dayli_scrum_discord\venv\Lib\site-packages\discord\app_commands\commands.py", line 857, in _do_call
    return await self._callback(self.binding, interaction, **params)  # type: ignore
           ^^^^^^^^^^^^^^^^^^^^^^^^^^^^^^^^^^^^^^^^^^^^^^^^^^^^^^^^^
  File "C:\Users\angelica\Documents\GitHub\dayli_scrum_discord\discord_bot\bot.py", line 278, in registrar_equipo
    await interaction.response.send_message(
        "Error inesperado al registrar el equipo.", ephemeral=True
    )
  File "C:\Users\angelica\Documents\GitHub\dayli_scrum_discord\venv\Lib\site-packages\discord\interactions.py", line 855, in send_message
    await adapter.create_interaction_response(
    ...<6 lines>...
    )
  File "C:\Users\angelica\Documents\GitHub\dayli_scrum_discord\venv\Lib\site-packages\discord\webhook\async_.py", line 221, in request
    raise NotFound(response, data)
discord.errors.NotFound: 404 Not Found (error code: 10062): Unknown interaction

The above exception was the direct cause of the following exception:

Traceback (most recent call last):
  File "C:\Users\angelica\Documents\GitHub\dayli_scrum_discord\venv\Lib\site-packages\discord\app_commands\tree.py", line 1310, in _call
    await command._invoke_with_namespace(interaction, namespace)
  File "C:\Users\angelica\Documents\GitHub\dayli_scrum_discord\venv\Lib\site-packages\discord\app_commands\commands.py", line 883, in _invoke_with_namespace
    return await self._do_call(interaction, transformed_values)
           ^^^^^^^^^^^^^^^^^^^^^^^^^^^^^^^^^^^^^^^^^^^^^^^^^^^^
  File "C:\Users\angelica\Documents\GitHub\dayli_scrum_discord\venv\Lib\site-packages\discord\app_commands\commands.py", line 876, in _do_call
    raise CommandInvokeError(self, e) from e
discord.app_commands.errors.CommandInvokeError: Command 'registrar_equipo' raised an exception: NotFound: 404 Not Found (error code: 10062): Unknown interaction
2025-02-14 17:23:03,727 - daily_bot - INFO - Mensaje recibido de mrt0mato en #bot-dayli: /obtener _equipo/1
2025-02-14 17:24:10,507 - daily_bot - INFO - Registrando equipo: /@padawans http://localhost:5000/
2025-02-14 17:24:10,510 - urllib3.connectionpool - DEBUG - Starting new HTTP connection (1): localhost:5000
2025-02-14 17:24:13,100 - urllib3.connectionpool - DEBUG - http://localhost:5000 "POST /api/registrar_equipo HTTP/1.1" 200 56
2025-02-14 17:24:13,104 - daily_bot - INFO - Comando slash ejecutado: registrar_equipo por mrt0mato en CodeCommunity
2025-02-14 17:25:28,792 - urllib3.connectionpool - DEBUG - Starting new HTTP connection (1): localhost:5000
2025-02-14 17:25:31,120 - urllib3.connectionpool - DEBUG - http://localhost:5000 "POST /api/registrar_miembros HTTP/1.1" 500 1429
2025-02-14 17:25:31,136 - daily_bot - INFO - Comando slash ejecutado: registrar_miembros por mrt0mato en CodeCommunity
2025-02-14 17:26:29,338 - urllib3.connectionpool - DEBUG - Starting new HTTP connection (1): localhost:5000
2025-02-14 17:26:31,613 - urllib3.connectionpool - DEBUG - http://localhost:5000 "GET /api/obtener_equipo_por_canal/1330449353873162291 HTTP/1.1" 200 19
2025-02-14 17:26:31,615 - urllib3.connectionpool - DEBUG - Starting new HTTP connection (1): localhost:5000
2025-02-14 17:26:33,908 - urllib3.connectionpool - DEBUG - http://localhost:5000 "POST /api/registrar_miembros HTTP/1.1" 500 1429
2025-02-14 17:26:33,914 - daily_bot - INFO - Comando slash ejecutado: registrar_miembros por mrt0mato en CodeCommunity
2025-02-14 17:26:34,315 - daily_bot - ERROR - Error en registrar_miembros: 404 Not Found (error code: 10062): Unknown interaction
2025-02-14 17:26:34,482 - discord.app_commands.tree - ERROR - Ignoring exception in command 'registrar_miembros'
Traceback (most recent call last):
  File "C:\Users\angelica\Documents\GitHub\dayli_scrum_discord\discord_bot\bot.py", line 339, in registrar_miembros
    await interaction.response.send_message(
    ...<2 lines>...
    )
  File "C:\Users\angelica\Documents\GitHub\dayli_scrum_discord\venv\Lib\site-packages\discord\interactions.py", line 855, in send_message
    await adapter.create_interaction_response(
    ...<6 lines>...
    )
  File "C:\Users\angelica\Documents\GitHub\dayli_scrum_discord\venv\Lib\site-packages\discord\webhook\async_.py", line 221, in request
    raise NotFound(response, data)
discord.errors.NotFound: 404 Not Found (error code: 10062): Unknown interaction

During handling of the above exception, another exception occurred:

Traceback (most recent call last):
  File "C:\Users\angelica\Documents\GitHub\dayli_scrum_discord\venv\Lib\site-packages\discord\app_commands\commands.py", line 857, in _do_call
    return await self._callback(self.binding, interaction, **params)  # type: ignore
           ^^^^^^^^^^^^^^^^^^^^^^^^^^^^^^^^^^^^^^^^^^^^^^^^^^^^^^^^^
  File "C:\Users\angelica\Documents\GitHub\dayli_scrum_discord\discord_bot\bot.py", line 346, in registrar_miembros
    await interaction.response.send_message(
        "Error inesperado al registrar miembros", ephemeral=True
    )
  File "C:\Users\angelica\Documents\GitHub\dayli_scrum_discord\venv\Lib\site-packages\discord\interactions.py", line 855, in send_message
    await adapter.create_interaction_response(
    ...<6 lines>...
    )
  File "C:\Users\angelica\Documents\GitHub\dayli_scrum_discord\venv\Lib\site-packages\discord\webhook\async_.py", line 221, in request
    raise NotFound(response, data)
discord.errors.NotFound: 404 Not Found (error code: 10062): Unknown interaction

The above exception was the direct cause of the following exception:

Traceback (most recent call last):
  File "C:\Users\angelica\Documents\GitHub\dayli_scrum_discord\venv\Lib\site-packages\discord\app_commands\tree.py", line 1310, in _call
    await command._invoke_with_namespace(interaction, namespace)
  File "C:\Users\angelica\Documents\GitHub\dayli_scrum_discord\venv\Lib\site-packages\discord\app_commands\commands.py", line 883, in _invoke_with_namespace
    return await self._do_call(interaction, transformed_values)
           ^^^^^^^^^^^^^^^^^^^^^^^^^^^^^^^^^^^^^^^^^^^^^^^^^^^^
  File "C:\Users\angelica\Documents\GitHub\dayli_scrum_discord\venv\Lib\site-packages\discord\app_commands\commands.py", line 876, in _do_call
    raise CommandInvokeError(self, e) from e
discord.app_commands.errors.CommandInvokeError: Command 'registrar_miembros' raised an exception: NotFound: 404 Not Found (error code: 10062): Unknown interaction
